#
# There is insufficient memory for the Java Runtime Environment to continue.
# Native memory allocation (malloc) failed to allocate 1048576 bytes for AllocateHeap
# Possible reasons:
#   The system is out of physical RAM or swap space
#   The process is running with CompressedOops enabled, and the Java Heap may be blocking the growth of the native heap
# Possible solutions:
#   Reduce memory load on the system
#   Increase physical memory or swap space
#   Check if swap backing store is full
#   Decrease Java heap size (-Xmx/-Xms)
#   Decrease number of Java threads
#   Decrease Java thread stack sizes (-Xss)
#   Set larger code cache with -XX:ReservedCodeCacheSize=
#   JVM is running with Unscaled Compressed Oops mode in which the Java heap is
#     placed in the first 4GB address space. The Java Heap base address is the
#     maximum limit for the native heap growth. Please use -XX:HeapBaseMinAddress
#     to set the Java Heap base and to place the Java Heap above 4GB virtual address.
# This output file may be truncated or incomplete.
#
#  Out of Memory Error (memory/allocation.inline.hpp:61), pid=21256, tid=0x0000000000005550
#
# JRE version:  (8.0_221-b11) (build )
# Java VM: Java HotSpot(TM) 64-Bit Server VM (25.221-b11 mixed mode windows-amd64 compressed oops)
# Failed to write core dump. Minidumps are not enabled by default on client versions of Windows
#

---------------  T H R E A D  ---------------

Current thread (0x00000000032ee000):  JavaThread "Unknown thread" [_thread_in_vm, id=21840, stack(0x00000000031c0000,0x00000000032c0000)]

Stack: [0x00000000031c0000,0x00000000032c0000]
[error occurred during error reporting (printing stack bounds), id 0xc0000005]

Native frames: (J=compiled Java code, j=interpreted, Vv=VM code, C=native code)


---------------  P R O C E S S  ---------------

Java Threads: ( => current thread )

Other Threads:

=>0x00000000032ee000 (exited) JavaThread "Unknown thread" [_thread_in_vm, id=21840, stack(0x00000000031c0000,0x00000000032c0000)]

VM state:not at safepoint (normal execution)

VM Mutex/Monitor currently owned by a thread: None

heap address: 0x0000000081e00000, size: 2018 MB, Compressed Oops mode: 32-bit
Narrow klass base: 0x0000000000000000, Narrow klass shift: 3
Compressed class space size: 1073741824 Address: 0x0000000100000000

Heap:
 PSYoungGen      total 38400K, used 665K [0x00000000d5f80000, 0x00000000d8a00000, 0x0000000100000000)
  eden space 33280K, 2% used [0x00000000d5f80000,0x00000000d6026670,0x00000000d8000000)
  from space 5120K, 0% used [0x00000000d8500000,0x00000000d8500000,0x00000000d8a00000)
  to   space 5120K, 0% used [0x00000000d8000000,0x00000000d8000000,0x00000000d8500000)
 ParOldGen       total 87552K, used 0K [0x0000000081e00000, 0x0000000087380000, 0x00000000d5f80000)
  object space 87552K, 0% used [0x0000000081e00000,0x0000000081e00000,0x0000000087380000)
 Metaspace       used 752K, capacity 4480K, committed 4480K, reserved 1056768K
  class space    used 76K, capacity 384K, committed 384K, reserved 1048576K

Card table byte_map: [0x00000000127b0000,0x0000000012bb0000] byte_map_base: 0x00000000123a1000

Marking Bits: (ParMarkBitMap*) 0x000000005f565ce0
 Begin Bits: [0x0000000013660000, 0x00000000155e8000)
 End Bits:   [0x00000000155e8000, 0x0000000017570000)

Polling page: 0x0000000001120000

CodeCache: size=245760Kb used=328Kb max_used=328Kb free=245431Kb
 bounds [0x00000000033f0000, 0x0000000003660000, 0x00000000123f0000]
 total_blobs=58 nmethods=0 adapters=38
 compilation: enabled

Compilation events (0 events):
No events

GC Heap History (0 events):
No events

Deoptimization events (0 events):
No events

Classes redefined (0 events):
No events

Internal exceptions (0 events):
No events

Events (10 events):
Event: 0.030 loading class java/lang/Short
Event: 0.031 loading class java/lang/Short done
Event: 0.031 loading class java/lang/Integer
Event: 0.031 loading class java/lang/Integer done
Event: 0.031 loading class java/lang/Long
Event: 0.031 loading class java/lang/Long done
Event: 0.032 loading class java/lang/NullPointerException
Event: 0.032 loading class java/lang/NullPointerException done
Event: 0.032 loading class java/lang/ArithmeticException
Event: 0.032 loading class java/lang/ArithmeticException done


Dynamic libraries:
0x00007ff716bf0000 - 0x00007ff716c27000 	D:\Java\jre-13\bin\javaw.exe
0x00007ffa30e60000 - 0x00007ffa31050000 	C:\WINDOWS\SYSTEM32\ntdll.dll
0x00007ffa309c0000 - 0x00007ffa30a72000 	C:\WINDOWS\System32\KERNEL32.DLL
0x00007ffa2e920000 - 0x00007ffa2ebc4000 	C:\WINDOWS\System32\KERNELBASE.dll
0x00007ffa2fb30000 - 0x00007ffa2fbd3000 	C:\WINDOWS\System32\ADVAPI32.dll
0x00007ffa2ff60000 - 0x00007ffa2fffe000 	C:\WINDOWS\System32\msvcrt.dll
0x00007ffa30230000 - 0x00007ffa302c7000 	C:\WINDOWS\System32\sechost.dll
0x00007ffa2f750000 - 0x00007ffa2f870000 	C:\WINDOWS\System32\RPCRT4.dll
0x00007ffa2ef70000 - 0x00007ffa2f104000 	C:\WINDOWS\System32\USER32.dll
0x00007ffa2e690000 - 0x00007ffa2e6b1000 	C:\WINDOWS\System32\win32u.dll
0x00007ffa2ff30000 - 0x00007ffa2ff56000 	C:\WINDOWS\System32\GDI32.dll
0x00007ffa2ed40000 - 0x00007ffa2eed4000 	C:\WINDOWS\System32\gdi32full.dll
0x00007ffa2ddf0000 - 0x00007ffa2de8e000 	C:\WINDOWS\System32\msvcp_win.dll
0x00007ffa2ec40000 - 0x00007ffa2ed3a000 	C:\WINDOWS\System32\ucrtbase.dll
0x00007ffa1c5c0000 - 0x00007ffa1c844000 	C:\WINDOWS\WinSxS\amd64_microsoft.windows.common-controls_6595b64144ccf1df_6.0.18362.836_none_e6c4b943130f18ed\COMCTL32.dll
0x00007ffa30a80000 - 0x00007ffa30db6000 	C:\WINDOWS\System32\combase.dll
0x00007ffa2de90000 - 0x00007ffa2df10000 	C:\WINDOWS\System32\bcryptPrimitives.dll
0x00007ffa2fd90000 - 0x00007ffa2fdbe000 	C:\WINDOWS\System32\IMM32.DLL
0x0000000060040000 - 0x0000000060112000 	D:\Java\jre-13\bin\msvcr100.dll
0x000000005ed40000 - 0x000000005f5e5000 	D:\Java\jre-13\bin\server\jvm.dll
0x00007ffa2ff20000 - 0x00007ffa2ff28000 	C:\WINDOWS\System32\PSAPI.DLL
0x00007ffa0e410000 - 0x00007ffa0e419000 	C:\WINDOWS\SYSTEM32\WSOCK32.dll
0x00007ffa2d920000 - 0x00007ffa2d92a000 	C:\WINDOWS\SYSTEM32\VERSION.dll
0x00007ffa23500000 - 0x00007ffa23524000 	C:\WINDOWS\SYSTEM32\WINMM.dll
0x00007ffa30000000 - 0x00007ffa3006f000 	C:\WINDOWS\System32\WS2_32.dll
0x00007ffa232b0000 - 0x00007ffa232dd000 	C:\WINDOWS\SYSTEM32\winmmbase.dll
0x00007ffa2ebd0000 - 0x00007ffa2ec1a000 	C:\WINDOWS\System32\cfgmgr32.dll
0x00007ffa26f80000 - 0x00007ffa26f8f000 	D:\Java\jre-13\bin\verify.dll
0x00007ffa22c40000 - 0x00007ffa22c69000 	D:\Java\jre-13\bin\java.dll
0x00007ffa25bf0000 - 0x00007ffa25c06000 	D:\Java\jre-13\bin\zip.dll

VM Arguments:
jvm_args: -Dfile.encoding=UTF-8 
java_command: test.Forum
java_class_path (initial): D:\workspace\Forum\bin;D:\workspace\Forum\lib\mysql-connector-java-8.0.20.jar
Launcher Type: SUN_STANDARD

Environment Variables:
JAVA_HOME=D:\Java\jdk-13
CLASSPATH= .;D:\Java\jdk-13\lib;D:\Java\jdk-13\lib\tools.jar;
PATH=D:/Java/jre-13/bin/server;D:/Java/jre-13/bin;D:/Java/jre-13/lib/amd64;E:\xshell\;E:\xftp\;E:\oracle\product\11.2.0\dbhome_1\bin;C:\Program Files (x86)\Common Files\Oracle\Java\javapath;C:\Program Files (x86)\Intel\iCLS Client\;C:\Program Files\Intel\iCLS Client\;C:\WINDOWS\system32;C:\WINDOWS;C:\WINDOWS\System32\Wbem;C:\WINDOWS\System32\WindowsPowerShell\v1.0\;C:\WINDOWS\System32\OpenSSH\;C:\Program Files (x86)\Intel\Intel(R) Management Engine Components\DAL;C:\Program Files\Intel\Intel(R) Management Engine Components\DAL;C:\Program Files (x86)\Intel\Intel(R) Management Engine Components\IPT;C:\Program Files\Intel\Intel(R) Management Engine Components\IPT;C:\Program Files (x86)\NVIDIA Corporation\PhysX\Common;C:\Program Files\NVIDIA Corporation\NVIDIA NvDLISR;C:\WINDOWS\system32;C:\WINDOWS;C:\WINDOWS\System32\Wbem;C:\WINDOWS\System32\WindowsPowerShell\v1.0\;C:\WINDOWS\System32\OpenSSH\;D:\Java\jdk-13\bin;D:\python\python3.6;D:\python\python3.6\Scripts;D:\Git\cmd;D:\python\python3.6\Scripts\;D:\python\python3.6\;C:\Users\86187\AppData\Local\Microsoft\WindowsApps;E:\webstorm\WebStorm 2019.2\bin;;E:\vscode\Microsoft VS Code\bin;D:\Java\jdk-13\bin;E:\PyCharm\PyCharm 2020.1\bin;;E:\mysql\mysql-8.0.20-winx64\bin;;C:\WINDOWS\system32;
USERNAME=86187
OS=Windows_NT
PROCESSOR_IDENTIFIER=Intel64 Family 6 Model 158 Stepping 9, GenuineIntel



---------------  S Y S T E M  ---------------

OS: Windows 10.0 , 64 bit Build 18362 (10.0.18362.778)

CPU:total 8 (initial active 8) (4 cores per cpu, 2 threads per core) family 6 model 158 stepping 9, cmov, cx8, fxsr, mmx, sse, sse2, sse3, ssse3, sse4.1, sse4.2, popcnt, avx, avx2, aes, clmul, erms, 3dnowpref, lzcnt, ht, tsc, tscinvbit, bmi1, bmi2, adx

Memory: 4k page, physical 8260772k(1154312k free), swap 15862304k(6108k free)

vm_info: Java HotSpot(TM) 64-Bit Server VM (25.221-b11) for windows-amd64 JRE (1.8.0_221-b11), built on Jul  4 2019 04:39:29 by "java_re" with MS VC++ 10.0 (VS2010)

time: Tue Jun 16 21:03:00 2020
timezone: 中国标准时间
elapsed time: 0 seconds (0d 0h 0m 0s)

